<?xml version="1.0" encoding="UTF-8"?>
<!-- Generated by org.testng.reporters.JUnitReportReporter -->
<testsuite hostname="ZCHD-CQR-SHIVAM-PANDOH" failures="0" tests="2" name="testngXML.ExcludeUsingAnnote" time="0.019" errors="0" timestamp="2022-05-04T14:29:57 IST" skipped="1">
  <testcase classname="testngXML.ExcludeUsingAnnote" name="test1" time="0.019"/>
  <system-out/>
  <testcase classname="testngXML.ExcludeUsingAnnote" name="test2">
    <skipped/>
  </testcase> <!-- test2 -->
  <system-out/>
</testsuite> <!-- testngXML.ExcludeUsingAnnote -->
