<?xml version="1.0" encoding="UTF-8"?>
<!-- Generated by org.testng.reporters.JUnitReportReporter -->
<testsuite hostname="ZCHD-CQR-SHIVAM-PANDOH" failures="0" tests="2" name="annotation.class1" time="0.016" errors="0" timestamp="2022-05-09T16:07:42 IST" skipped="0">
  <testcase classname="annotation.class1" name="testcase1" time="0.013"/>
  <system-out/>
  <testcase classname="annotation.class1" name="testcase2" time="0.003"/>
  <system-out/>
</testsuite> <!-- annotation.class1 -->
