<?xml version="1.0" encoding="UTF-8"?>
<!-- Generated by org.testng.reporters.JUnitReportReporter -->
<testsuite hostname="ZCHD-CQR-SHIVAM-PANDOH" failures="0" tests="2" name="PracticeTest" time="0.005" errors="0" timestamp="2022-05-02T14:44:48 IST" skipped="0">
  <testcase classname="PracticeTest" name="test2" time="0.000"/>
  <system-out/>
  <testcase classname="PracticeTest" name="test1" time="0.005"/>
  <system-out/>
</testsuite> <!-- PracticeTest -->
