<?xml version="1.0" encoding="UTF-8"?>
<!-- Generated by org.testng.reporters.JUnitReportReporter -->
<testsuite hostname="ZCHD-CQR-SHIVAM-PANDOH" failures="0" tests="1" name="testngXML.Test1" time="0.017" errors="0" timestamp="2022-05-04T14:16:46 IST" skipped="0">
  <testcase classname="testngXML.Test1" name="test1" time="0.017"/>
  <system-out/>
</testsuite> <!-- testngXML.Test1 -->
