<?xml version="1.0" encoding="UTF-8"?>
<!-- Generated by org.testng.reporters.JUnitReportReporter -->
<testsuite hostname="ZCHD-CQR-SHIVAM-PANDOH" failures="0" tests="4" name="annotation.test" time="0.008" errors="0" timestamp="2022-05-09T16:05:01 IST" skipped="0">
  <testcase classname="annotation.test" name="testcase1" time="0.003"/>
  <system-out/>
  <testcase classname="annotation.test" name="testcase2" time="0.002"/>
  <system-out/>
  <testcase classname="annotation.test" name="testcase2" time="0.001"/>
  <system-out/>
  <testcase classname="annotation.test" name="testcase1" time="0.002"/>
  <system-out/>
</testsuite> <!-- annotation.test -->
