<?xml version="1.0" encoding="UTF-8"?>
<!-- Generated by org.testng.reporters.JUnitReportReporter -->
<testsuite hostname="ZCHD-CQR-SHIVAM-PANDOH" failures="0" tests="2" name="annotation.group" time="0.009" errors="0" timestamp="2022-05-09T16:25:54 IST" skipped="0">
  <testcase classname="annotation.group" name="multiply" time="0.002"/>
  <system-out/>
  <testcase classname="annotation.group" name="addition" time="0.007"/>
  <system-out/>
</testsuite> <!-- annotation.group -->
