<?xml version="1.0" encoding="UTF-8"?>
<!-- Generated by org.testng.reporters.JUnitReportReporter -->
<testsuite hostname="ZCHD-CQR-SHIVAM-PANDOH" failures="0" tests="2" name="annotation.method" time="0.031" errors="0" timestamp="2022-05-09T16:17:05 IST" skipped="0">
  <testcase classname="annotation.method" name="testcase2" time="0.015"/>
  <system-out/>
  <testcase classname="annotation.method" name="testcase1" time="0.016"/>
  <system-out/>
</testsuite> <!-- annotation.method -->
