<?xml version="1.0" encoding="UTF-8"?>
<!-- Generated by org.testng.reporters.JUnitReportReporter -->
<testsuite hostname="ZCHD-CQR-SHIVAM-PANDOH" failures="0" tests="1" name="testngXML.IncludeAndExcludeTags" time="0.001" errors="0" timestamp="2022-05-02T16:19:19 IST" skipped="0">
  <testcase classname="testngXML.IncludeAndExcludeTags" name="test2" time="0.001"/>
  <system-out/>
</testsuite> <!-- testngXML.IncludeAndExcludeTags -->
