<?xml version="1.0" encoding="UTF-8"?>
<!-- Generated by org.testng.reporters.JUnitReportReporter -->
<testsuite hostname="ZCHD-CQR-SHIVAM-PANDOH" failures="0" tests="1" name="testngXML.MultiGroups" time="0.013" errors="0" timestamp="2022-05-09T15:25:47 IST" skipped="0">
  <testcase classname="testngXML.MultiGroups" name="testcase3" time="0.013"/>
  <system-out/>
</testsuite> <!-- testngXML.MultiGroups -->
