<?xml version="1.0" encoding="UTF-8"?>
<!-- Generated by org.testng.reporters.JUnitReportReporter -->
<testsuite hostname="ZCHD-CQR-SHIVAM-PANDOH" failures="0" tests="1" name="testngXML.Group1" time="0.016" errors="0" timestamp="2022-05-04T14:29:26 IST" skipped="0">
  <testcase classname="testngXML.Group1" name="test1" time="0.016"/>
  <system-out/>
</testsuite> <!-- testngXML.Group1 -->
